Build started 4/18/2017 11:20:12 PM.
Project "C:\Users\Lenglee96\Desktop\Lab3\Lab3\Lab3\Lab3.vcxproj" on node 2 (Build target(s)).
ClCompile:
  C:\Program Files (x86)\Microsoft Visual Studio 12.0\VC\bin\CL.exe /c /ZI /nologo /W3 /WX- /Od /Oy- /D WIN32 /D _DEBUG /D _CONSOLE /D _UNICODE /D UNICODE /Gm /EHsc /RTC1 /MDd /GS /fp:precise /Zc:wchar_t /Zc:forScope /Fo"Debug\\" /Fd"Debug\vc120.pdb" /Gd /TP /analyze- /errorReport:prompt show3.cpp test3.cpp
  test3.cpp
c:\users\lenglee96\desktop\lab3\lab3\lab3\test3.cpp(65): warning C4101: 'e' : unreferenced local variable
c:\users\lenglee96\desktop\lab3\lab3\lab3\test3.cpp(78): warning C4101: 'e' : unreferenced local variable
c:\users\lenglee96\desktop\lab3\lab3\lab3\test3.cpp(91): warning C4101: 'e' : unreferenced local variable
c:\users\lenglee96\desktop\lab3\lab3\lab3\test3.cpp(103): warning C4101: 'e' : unreferenced local variable
c:\users\lenglee96\desktop\lab3\lab3\lab3\test3.cpp(115): warning C4101: 'e' : unreferenced local variable
c:\users\lenglee96\desktop\lab3\lab3\lab3\test3.cpp(127): warning C4101: 'e' : unreferenced local variable
c:\users\lenglee96\desktop\lab3\lab3\lab3\test3.cpp(142): warning C4101: 'e' : unreferenced local variable
c:\users\lenglee96\desktop\lab3\lab3\lab3\test3.cpp(157): warning C4101: 'e' : unreferenced local variable
c:\users\lenglee96\desktop\lab3\lab3\lab3\test3.cpp(199): warning C4101: 'e' : unreferenced local variable
c:\users\lenglee96\desktop\lab3\lab3\lab3\test3.cpp(215): warning C4101: 'e' : unreferenced local variable
  Generating Code...
  Skipping... (no relevant changes detected)
  show3.cpp
Link:
  C:\Program Files (x86)\Microsoft Visual Studio 12.0\VC\bin\link.exe /ERRORREPORT:PROMPT /OUT:"C:\Users\Lenglee96\Desktop\Lab3\Lab3\Debug\Lab3.exe" /INCREMENTAL /NOLOGO kernel32.lib user32.lib gdi32.lib winspool.lib comdlg32.lib advapi32.lib shell32.lib ole32.lib oleaut32.lib uuid.lib odbc32.lib odbccp32.lib /MANIFEST /MANIFESTUAC:"level='asInvoker' uiAccess='false'" /manifest:embed /DEBUG /PDB:"C:\Users\Lenglee96\Desktop\Lab3\Lab3\Debug\Lab3.pdb" /SUBSYSTEM:CONSOLE /TLBID:1 /DYNAMICBASE /NXCOMPAT /IMPLIB:"C:\Users\Lenglee96\Desktop\Lab3\Lab3\Debug\Lab3.lib" /MACHINE:X86 /SAFESEH Debug\ListArray.obj
  Debug\show3.obj
  Debug\test3.obj
ListArray.obj : warning LNK4075: ignoring '/EDITANDCONTINUE' due to '/SAFESEH' specification
  Lab3.vcxproj -> C:\Users\Lenglee96\Desktop\Lab3\Lab3\Debug\Lab3.exe
Done Building Project "C:\Users\Lenglee96\Desktop\Lab3\Lab3\Lab3\Lab3.vcxproj" (Build target(s)).

Build succeeded.

Time Elapsed 00:00:02.95
